2025-12-06 11:57:16,063 - INFO - Initializing RAG Evaluator...
2025-12-06 11:57:16,071 - INFO - Found credentials in shared credentials file: ~/.aws/credentials
2025-12-06 11:57:16,160 - INFO - RAG Evaluator initialized successfully
2025-12-06 11:57:16,160 - INFO - ================================================================================
2025-12-06 11:57:16,161 - INFO - Starting RAG Pipeline Evaluation
2025-12-06 11:57:16,161 - INFO - ================================================================================
2025-12-06 11:57:16,161 - INFO - Read 100 rows from C:\complete web development\Product-Market-Analyzer - BTP\test\Rag Pipeline Analysis Data - Sheet1_with_product_ids.csv
2025-12-06 11:57:16,162 - INFO - 
================================================================================
2025-12-06 11:57:16,162 - INFO - Processing test case 1/100
2025-12-06 11:57:16,162 - INFO - ================================================================================
2025-12-06 11:57:16,162 - INFO - Product ID: 69332bdf5e415a34a70d0855
2025-12-06 11:57:16,162 - INFO - Question: What performance issues do users commonly report with the S24 Ultra?
2025-12-06 11:57:16,162 - INFO - Ground Truth: Users commonly report minor heating during long gaming or camera use but no major throttling issues....
2025-12-06 11:57:16,162 - INFO - Calling API...
2025-12-06 11:57:49,933 - INFO - Evaluating metrics...
2025-12-06 11:57:49,934 - INFO - Calculating Context Precision (with pipeline)...
2025-12-06 11:57:49,942 - ERROR - Metric calculation failed: LLM is not set
2025-12-06 11:57:49,942 - ERROR - Test case 1 failed: LLM is not set
Traceback (most recent call last):
  File "C:\complete web development\Product-Market-Analyzer - BTP\test\rag_evaluation.py", line 262, in run_evaluation
    metrics = self.evaluate_metrics(
              ^^^^^^^^^^^^^^^^^^^^^^
  File "C:\complete web development\Product-Market-Analyzer - BTP\test\rag_evaluation.py", line 123, in evaluate_metrics
    metrics['context_precision_with_pipeline'] = self.context_precision.single_turn_score(with_pipeline_sample)
                                                 ^^^^^^^^^^^^^^^^^^^^^^^^^^^^^^^^^^^^^^^^^^^^^^^^^^^^^^^^^^^^^^
  File "C:\complete web development\Product-Market-Analyzer - BTP\test\.venv\Lib\site-packages\ragas\metrics\base.py", line 447, in single_turn_score
    score = run(_async_wrapper)
            ^^^^^^^^^^^^^^^^^^^
  File "C:\complete web development\Product-Market-Analyzer - BTP\test\.venv\Lib\site-packages\ragas\async_utils.py", line 156, in run
    return asyncio.run(coro)
           ^^^^^^^^^^^^^^^^^
  File "C:\Python312\Lib\asyncio\runners.py", line 194, in run
    return runner.run(main)
           ^^^^^^^^^^^^^^^^
  File "C:\Python312\Lib\asyncio\runners.py", line 118, in run
    return self._loop.run_until_complete(task)
           ^^^^^^^^^^^^^^^^^^^^^^^^^^^^^^^^^^^
  File "C:\Python312\Lib\asyncio\base_events.py", line 687, in run_until_complete
    return future.result()
           ^^^^^^^^^^^^^^^
  File "C:\complete web development\Product-Market-Analyzer - BTP\test\.venv\Lib\site-packages\ragas\metrics\base.py", line 440, in _async_wrapper
    raise e
  File "C:\complete web development\Product-Market-Analyzer - BTP\test\.venv\Lib\site-packages\ragas\metrics\base.py", line 434, in _async_wrapper
    result = await self._single_turn_ascore(
             ^^^^^^^^^^^^^^^^^^^^^^^^^^^^^^^
  File "C:\complete web development\Product-Market-Analyzer - BTP\test\.venv\Lib\site-packages\ragas\metrics\_context_precision.py", line 317, in _single_turn_ascore
    return await super()._single_turn_ascore(sample, callbacks)
           ^^^^^^^^^^^^^^^^^^^^^^^^^^^^^^^^^^^^^^^^^^^^^^^^^^^^
  File "C:\complete web development\Product-Market-Analyzer - BTP\test\.venv\Lib\site-packages\ragas\metrics\_context_precision.py", line 137, in _single_turn_ascore
    return await self._ascore(row, callbacks)
           ^^^^^^^^^^^^^^^^^^^^^^^^^^^^^^^^^^
  File "C:\complete web development\Product-Market-Analyzer - BTP\test\.venv\Lib\site-packages\ragas\metrics\_context_precision.py", line 144, in _ascore
    assert self.llm is not None, "LLM is not set"
           ^^^^^^^^^^^^^^^^^^^^
AssertionError: LLM is not set
2025-12-06 11:57:49,949 - INFO - Results written to C:\complete web development\Product-Market-Analyzer - BTP\test\rag_evaluation_results.csv
2025-12-06 11:57:49,949 - INFO - 
================================================================================
2025-12-06 11:57:49,949 - INFO - Processing test case 2/100
2025-12-06 11:57:49,949 - INFO - ================================================================================
2025-12-06 11:57:49,950 - INFO - Product ID: 69332bdf5e415a34a70d0855
2025-12-06 11:57:49,950 - INFO - Question: How is the battery life compared to previous Samsung flagships?
2025-12-06 11:57:49,950 - INFO - Ground Truth: Battery life is generally better than previous Samsung models, lasting a full day with mixed use....
2025-12-06 11:57:49,950 - INFO - Calling API...
